<?xml version="1.0" encoding="UTF-8"?>
<testsuite name="org.example.QueryStringTest" tests="1" skipped="0" failures="0" errors="0" timestamp="2023-05-05T13:42:03" hostname="HYEON" time="0.078">
  <properties/>
  <testcase name="createTest()" classname="org.example.QueryStringTest" time="0.078"/>
  <system-out><![CDATA[]]></system-out>
  <system-err><![CDATA[]]></system-err>
</testsuite>
