<?xml version="1.0" encoding="UTF-8"?>
<testsuite name="CustomerTest" tests="1" skipped="0" failures="0" errors="0" timestamp="2023-04-21T12:46:29" hostname="HYEON" time="0.074">
  <properties/>
  <testcase name="메뉴 이름에 해당하는 요리를 주문 한다." classname="CustomerTest" time="0.074"/>
  <system-out><![CDATA[]]></system-out>
  <system-err><![CDATA[]]></system-err>
</testsuite>
